<?xml version="1.0" encoding="UTF-8"?>
<!-- Generated by org.testng.reporters.JUnitXMLReporter -->
<testsuite ignored="0" hostname="LAPTOP-PB1GCO03" failures="0" tests="3" name="Default test" time="28.321" errors="0" timestamp="2022-10-22T22:52:13 EDT">
  <testcase classname="com.crm.qa.testcases.LoginPageTest" name="loginPageTitleTest" time="0.025"/>
  <testcase classname="com.crm.qa.testcases.LoginPageTest" name="crmlogoImageTest" time="0.175"/>
  <testcase classname="com.crm.qa.testcases.LoginPageTest" name="loginTest" time="0.252"/>
</testsuite> <!-- Default test -->
