<?xml version="1.0" encoding="UTF-8"?>
<!-- Generated by org.testng.reporters.JUnitXMLReporter -->
<testsuite ignored="0" hostname="LAPTOP-PB1GCO03" failures="0" tests="5" name="Default test" time="74.198" errors="0" timestamp="2023-03-24T15:47:48 EDT">
  <testcase classname="com.crm.qa.testcases.ContactsPageTest" name="verifyContactsPageLabel" time="0.05"/>
  <testcase classname="com.crm.qa.testcases.ContactsPageTest" name="selectContactsTest" time="1.44"/>
  <testcase classname="com.crm.qa.testcases.ContactsPageTest" name="validatecreateNewContact" time="3.383"/>
  <testcase classname="com.crm.qa.testcases.ContactsPageTest" name="validatecreateNewContact" time="3.38"/>
  <testcase classname="com.crm.qa.testcases.ContactsPageTest" name="validatecreateNewContact" time="3.656"/>
</testsuite> <!-- Default test -->
