<?xml version="1.0" encoding="UTF-8"?>
<!-- Generated by org.testng.reporters.JUnitXMLReporter -->
<testsuite ignored="0" hostname="LAPTOP-PB1GCO03" failures="0" tests="13" name="Final Maven Project" time="138.501" errors="0" timestamp="2022-10-18T20:23:05 EDT">
  <testcase classname="com.crm.qa.testcases.LoginPageTest" name="loginPageTitleTest" time="0.011"/>
  <testcase classname="com.crm.qa.testcases.LoginPageTest" name="crmlogoImageTest" time="0.1"/>
  <testcase classname="com.crm.qa.testcases.LoginPageTest" name="loginTest" time="0.162"/>
  <testcase classname="com.crm.qa.testcases.HomepageTest" name="verifyHomePageTitleTest" time="0.003"/>
  <testcase classname="com.crm.qa.testcases.HomepageTest" name="verifyUserNameTest" time="0.583"/>
  <testcase classname="com.crm.qa.testcases.HomepageTest" name="verifyContactsLink" time="2.561"/>
  <testcase classname="com.crm.qa.testcases.HomepageTest" name="verifyDealsLink" time="2.178"/>
  <testcase classname="com.crm.qa.testcases.ContactsPageTest" name="verifyContactsPageLabel" time="0.037"/>
  <testcase classname="com.crm.qa.testcases.ContactsPageTest" name="selectContactsTest" time="1.55"/>
  <testcase classname="com.crm.qa.testcases.ContactsPageTest" name="validatecreateNewContact" time="3.588"/>
  <testcase classname="com.crm.qa.testcases.ContactsPageTest" name="validatecreateNewContact" time="3.587"/>
  <testcase classname="com.crm.qa.testcases.ContactsPageTest" name="validatecreateNewContact" time="3.607"/>
  <testcase classname="com.crm.qa.testcases.DealsPageTest" name="verifyDealsPageLabel" time="0.024"/>
</testsuite> <!-- Final Maven Project -->
