<?xml version="1.0" encoding="UTF-8"?>
<testng-results ignored="0" total="13" passed="13" failed="0" skipped="0">
  <reporter-output>
  </reporter-output>
  <suite started-at="2022-10-22T22:52:35 EDT" name="Suite" finished-at="2022-10-22T22:56:26 EDT" duration-ms="231321">
    <groups>
    </groups>
    <test started-at="2022-10-22T22:52:35 EDT" name="Final Maven Project" finished-at="2022-10-22T22:56:26 EDT" duration-ms="231321">
      <class name="com.crm.qa.testcases.ContactsPageTest">
        <test-method is-config="true" signature="setUp()[pri:0, instance:com.crm.qa.testcases.ContactsPageTest@29647f75]" started-at="2022-10-22T22:54:30 EDT" name="setUp" finished-at="2022-10-22T22:54:42 EDT" duration-ms="12106" status="PASS">
          <reporter-output>
          </reporter-output>
        </test-method> <!-- setUp -->
        <test-method signature="verifyContactsPageLabel()[pri:1, instance:com.crm.qa.testcases.ContactsPageTest@29647f75]" started-at="2022-10-22T22:54:42 EDT" name="verifyContactsPageLabel" finished-at="2022-10-22T22:54:42 EDT" duration-ms="50" status="PASS">
          <reporter-output>
          </reporter-output>
        </test-method> <!-- verifyContactsPageLabel -->
        <test-method is-config="true" signature="teardown()[pri:0, instance:com.crm.qa.testcases.ContactsPageTest@29647f75]" started-at="2022-10-22T22:54:42 EDT" name="teardown" finished-at="2022-10-22T22:54:44 EDT" duration-ms="2653" status="PASS">
          <reporter-output>
          </reporter-output>
        </test-method> <!-- teardown -->
        <test-method is-config="true" signature="setUp()[pri:0, instance:com.crm.qa.testcases.ContactsPageTest@29647f75]" started-at="2022-10-22T22:54:44 EDT" name="setUp" finished-at="2022-10-22T22:54:58 EDT" duration-ms="14068" status="PASS">
          <reporter-output>
          </reporter-output>
        </test-method> <!-- setUp -->
        <test-method signature="selectContactsTest()[pri:2, instance:com.crm.qa.testcases.ContactsPageTest@29647f75]" started-at="2022-10-22T22:54:58 EDT" name="selectContactsTest" finished-at="2022-10-22T22:55:01 EDT" duration-ms="2966" status="PASS">
          <reporter-output>
          </reporter-output>
        </test-method> <!-- selectContactsTest -->
        <test-method is-config="true" signature="teardown()[pri:0, instance:com.crm.qa.testcases.ContactsPageTest@29647f75]" started-at="2022-10-22T22:55:01 EDT" name="teardown" finished-at="2022-10-22T22:55:03 EDT" duration-ms="1933" status="PASS">
          <reporter-output>
          </reporter-output>
        </test-method> <!-- teardown -->
        <test-method is-config="true" signature="setUp()[pri:0, instance:com.crm.qa.testcases.ContactsPageTest@29647f75]" started-at="2022-10-22T22:55:05 EDT" name="setUp" finished-at="2022-10-22T22:55:17 EDT" duration-ms="12569" status="PASS">
          <reporter-output>
          </reporter-output>
        </test-method> <!-- setUp -->
        <test-method signature="validatecreateNewContact(java.lang.String, java.lang.String, java.lang.String, java.lang.String)[pri:3, instance:com.crm.qa.testcases.ContactsPageTest@29647f75]" started-at="2022-10-22T22:55:17 EDT" name="validatecreateNewContact" data-provider="getTestData" finished-at="2022-10-22T22:55:24 EDT" duration-ms="6190" status="PASS">
          <params>
            <param index="0">
              <value>
                <![CDATA[Mr.]]>
              </value>
            </param>
            <param index="1">
              <value>
                <![CDATA[Nim]]>
              </value>
            </param>
            <param index="2">
              <value>
                <![CDATA[Desai]]>
              </value>
            </param>
            <param index="3">
              <value>
                <![CDATA[Car]]>
              </value>
            </param>
          </params>
          <reporter-output>
          </reporter-output>
        </test-method> <!-- validatecreateNewContact -->
        <test-method is-config="true" signature="teardown()[pri:0, instance:com.crm.qa.testcases.ContactsPageTest@29647f75]" started-at="2022-10-22T22:55:24 EDT" name="teardown" finished-at="2022-10-22T22:55:27 EDT" duration-ms="3196" status="PASS">
          <reporter-output>
          </reporter-output>
        </test-method> <!-- teardown -->
        <test-method is-config="true" signature="setUp()[pri:0, instance:com.crm.qa.testcases.ContactsPageTest@29647f75]" started-at="2022-10-22T22:55:27 EDT" name="setUp" finished-at="2022-10-22T22:55:39 EDT" duration-ms="12529" status="PASS">
          <reporter-output>
          </reporter-output>
        </test-method> <!-- setUp -->
        <test-method signature="validatecreateNewContact(java.lang.String, java.lang.String, java.lang.String, java.lang.String)[pri:3, instance:com.crm.qa.testcases.ContactsPageTest@29647f75]" started-at="2022-10-22T22:55:39 EDT" name="validatecreateNewContact" data-provider="getTestData" finished-at="2022-10-22T22:55:45 EDT" duration-ms="6156" status="PASS">
          <params>
            <param index="0">
              <value>
                <![CDATA[Dr.]]>
              </value>
            </param>
            <param index="1">
              <value>
                <![CDATA[Richa]]>
              </value>
            </param>
            <param index="2">
              <value>
                <![CDATA[Makija]]>
              </value>
            </param>
            <param index="3">
              <value>
                <![CDATA[Rat]]>
              </value>
            </param>
          </params>
          <reporter-output>
          </reporter-output>
        </test-method> <!-- validatecreateNewContact -->
        <test-method is-config="true" signature="teardown()[pri:0, instance:com.crm.qa.testcases.ContactsPageTest@29647f75]" started-at="2022-10-22T22:55:45 EDT" name="teardown" finished-at="2022-10-22T22:55:49 EDT" duration-ms="3269" status="PASS">
          <reporter-output>
          </reporter-output>
        </test-method> <!-- teardown -->
        <test-method is-config="true" signature="setUp()[pri:0, instance:com.crm.qa.testcases.ContactsPageTest@29647f75]" started-at="2022-10-22T22:55:49 EDT" name="setUp" finished-at="2022-10-22T22:56:01 EDT" duration-ms="12364" status="PASS">
          <reporter-output>
          </reporter-output>
        </test-method> <!-- setUp -->
        <test-method signature="validatecreateNewContact(java.lang.String, java.lang.String, java.lang.String, java.lang.String)[pri:3, instance:com.crm.qa.testcases.ContactsPageTest@29647f75]" started-at="2022-10-22T22:56:01 EDT" name="validatecreateNewContact" data-provider="getTestData" finished-at="2022-10-22T22:56:07 EDT" duration-ms="6236" status="PASS">
          <params>
            <param index="0">
              <value>
                <![CDATA[Mrs.]]>
              </value>
            </param>
            <param index="1">
              <value>
                <![CDATA[Simu]]>
              </value>
            </param>
            <param index="2">
              <value>
                <![CDATA[Sharma]]>
              </value>
            </param>
            <param index="3">
              <value>
                <![CDATA[Cat]]>
              </value>
            </param>
          </params>
          <reporter-output>
          </reporter-output>
        </test-method> <!-- validatecreateNewContact -->
        <test-method is-config="true" signature="teardown()[pri:0, instance:com.crm.qa.testcases.ContactsPageTest@29647f75]" started-at="2022-10-22T22:56:07 EDT" name="teardown" finished-at="2022-10-22T22:56:10 EDT" duration-ms="3174" status="PASS">
          <reporter-output>
          </reporter-output>
        </test-method> <!-- teardown -->
      </class> <!-- com.crm.qa.testcases.ContactsPageTest -->
      <class name="com.crm.qa.testcases.DealsPageTest">
        <test-method is-config="true" signature="setUp()[pri:0, instance:com.crm.qa.testcases.DealsPageTest@3315d2d7]" started-at="2022-10-22T22:56:10 EDT" name="setUp" finished-at="2022-10-22T22:56:23 EDT" duration-ms="12589" status="PASS">
          <reporter-output>
          </reporter-output>
        </test-method> <!-- setUp -->
        <test-method signature="verifyDealsPageLabel()[pri:1, instance:com.crm.qa.testcases.DealsPageTest@3315d2d7]" started-at="2022-10-22T22:56:23 EDT" name="verifyDealsPageLabel" finished-at="2022-10-22T22:56:23 EDT" duration-ms="50" status="PASS">
          <reporter-output>
          </reporter-output>
        </test-method> <!-- verifyDealsPageLabel -->
        <test-method is-config="true" signature="teardown()[pri:0, instance:com.crm.qa.testcases.DealsPageTest@3315d2d7]" started-at="2022-10-22T22:56:23 EDT" name="teardown" finished-at="2022-10-22T22:56:26 EDT" duration-ms="2841" status="PASS">
          <reporter-output>
          </reporter-output>
        </test-method> <!-- teardown -->
      </class> <!-- com.crm.qa.testcases.DealsPageTest -->
      <class name="com.crm.qa.testcases.LoginPageTest">
        <test-method is-config="true" signature="setUp()[pri:0, instance:com.crm.qa.testcases.LoginPageTest@2892dae4]" started-at="2022-10-22T22:52:35 EDT" name="setUp" finished-at="2022-10-22T22:53:12 EDT" duration-ms="36984" status="PASS">
          <reporter-output>
          </reporter-output>
        </test-method> <!-- setUp -->
        <test-method signature="loginPageTitleTest()[pri:1, instance:com.crm.qa.testcases.LoginPageTest@2892dae4]" started-at="2022-10-22T22:53:12 EDT" name="loginPageTitleTest" finished-at="2022-10-22T22:53:12 EDT" duration-ms="19" status="PASS">
          <reporter-output>
          </reporter-output>
        </test-method> <!-- loginPageTitleTest -->
        <test-method is-config="true" signature="tearDown()[pri:0, instance:com.crm.qa.testcases.LoginPageTest@2892dae4]" started-at="2022-10-22T22:53:12 EDT" name="tearDown" finished-at="2022-10-22T22:53:14 EDT" duration-ms="1937" status="PASS">
          <reporter-output>
          </reporter-output>
        </test-method> <!-- tearDown -->
        <test-method is-config="true" signature="setUp()[pri:0, instance:com.crm.qa.testcases.LoginPageTest@2892dae4]" started-at="2022-10-22T22:53:14 EDT" name="setUp" finished-at="2022-10-22T22:53:21 EDT" duration-ms="7817" status="PASS">
          <reporter-output>
          </reporter-output>
        </test-method> <!-- setUp -->
        <test-method signature="crmlogoImageTest()[pri:2, instance:com.crm.qa.testcases.LoginPageTest@2892dae4]" started-at="2022-10-22T22:53:21 EDT" name="crmlogoImageTest" finished-at="2022-10-22T22:53:22 EDT" duration-ms="151" status="PASS">
          <reporter-output>
          </reporter-output>
        </test-method> <!-- crmlogoImageTest -->
        <test-method is-config="true" signature="tearDown()[pri:0, instance:com.crm.qa.testcases.LoginPageTest@2892dae4]" started-at="2022-10-22T22:53:22 EDT" name="tearDown" finished-at="2022-10-22T22:53:23 EDT" duration-ms="1821" status="PASS">
          <reporter-output>
          </reporter-output>
        </test-method> <!-- tearDown -->
        <test-method is-config="true" signature="setUp()[pri:0, instance:com.crm.qa.testcases.LoginPageTest@2892dae4]" started-at="2022-10-22T22:53:23 EDT" name="setUp" finished-at="2022-10-22T22:53:31 EDT" duration-ms="7303" status="PASS">
          <reporter-output>
          </reporter-output>
        </test-method> <!-- setUp -->
        <test-method signature="loginTest()[pri:3, instance:com.crm.qa.testcases.LoginPageTest@2892dae4]" started-at="2022-10-22T22:53:31 EDT" name="loginTest" finished-at="2022-10-22T22:53:31 EDT" duration-ms="417" status="PASS">
          <reporter-output>
          </reporter-output>
        </test-method> <!-- loginTest -->
        <test-method is-config="true" signature="tearDown()[pri:0, instance:com.crm.qa.testcases.LoginPageTest@2892dae4]" started-at="2022-10-22T22:53:31 EDT" name="tearDown" finished-at="2022-10-22T22:53:33 EDT" duration-ms="2003" status="PASS">
          <reporter-output>
          </reporter-output>
        </test-method> <!-- tearDown -->
      </class> <!-- com.crm.qa.testcases.LoginPageTest -->
      <class name="com.crm.qa.testcases.HomepageTest">
        <test-method is-config="true" signature="setUp()[pri:0, instance:com.crm.qa.testcases.HomepageTest@355ce81c]" started-at="2022-10-22T22:53:33 EDT" name="setUp" finished-at="2022-10-22T22:53:43 EDT" duration-ms="9554" status="PASS">
          <reporter-output>
          </reporter-output>
        </test-method> <!-- setUp -->
        <test-method signature="verifyHomePageTitleTest()[pri:1, instance:com.crm.qa.testcases.HomepageTest@355ce81c]" started-at="2022-10-22T22:53:43 EDT" name="verifyHomePageTitleTest" finished-at="2022-10-22T22:53:43 EDT" duration-ms="6" status="PASS">
          <reporter-output>
          </reporter-output>
        </test-method> <!-- verifyHomePageTitleTest -->
        <test-method is-config="true" signature="teardown()[pri:0, instance:com.crm.qa.testcases.HomepageTest@355ce81c]" started-at="2022-10-22T22:53:43 EDT" name="teardown" finished-at="2022-10-22T22:53:44 EDT" duration-ms="1806" status="PASS">
          <reporter-output>
          </reporter-output>
        </test-method> <!-- teardown -->
        <test-method is-config="true" signature="setUp()[pri:0, instance:com.crm.qa.testcases.HomepageTest@355ce81c]" started-at="2022-10-22T22:53:44 EDT" name="setUp" finished-at="2022-10-22T22:53:55 EDT" duration-ms="10329" status="PASS">
          <reporter-output>
          </reporter-output>
        </test-method> <!-- setUp -->
        <test-method signature="verifyUserNameTest()[pri:2, instance:com.crm.qa.testcases.HomepageTest@355ce81c]" started-at="2022-10-22T22:53:55 EDT" name="verifyUserNameTest" finished-at="2022-10-22T22:53:56 EDT" duration-ms="741" status="PASS">
          <reporter-output>
          </reporter-output>
        </test-method> <!-- verifyUserNameTest -->
        <test-method is-config="true" signature="teardown()[pri:0, instance:com.crm.qa.testcases.HomepageTest@355ce81c]" started-at="2022-10-22T22:53:56 EDT" name="teardown" finished-at="2022-10-22T22:53:58 EDT" duration-ms="2724" status="PASS">
          <reporter-output>
          </reporter-output>
        </test-method> <!-- teardown -->
        <test-method is-config="true" signature="setUp()[pri:0, instance:com.crm.qa.testcases.HomepageTest@355ce81c]" started-at="2022-10-22T22:53:58 EDT" name="setUp" finished-at="2022-10-22T22:54:08 EDT" duration-ms="9397" status="PASS">
          <reporter-output>
          </reporter-output>
        </test-method> <!-- setUp -->
        <test-method signature="verifyContactsLink()[pri:3, instance:com.crm.qa.testcases.HomepageTest@355ce81c]" started-at="2022-10-22T22:54:08 EDT" name="verifyContactsLink" finished-at="2022-10-22T22:54:11 EDT" duration-ms="3316" status="PASS">
          <reporter-output>
          </reporter-output>
        </test-method> <!-- verifyContactsLink -->
        <test-method is-config="true" signature="teardown()[pri:0, instance:com.crm.qa.testcases.HomepageTest@355ce81c]" started-at="2022-10-22T22:54:11 EDT" name="teardown" finished-at="2022-10-22T22:54:14 EDT" duration-ms="2939" status="PASS">
          <reporter-output>
          </reporter-output>
        </test-method> <!-- teardown -->
        <test-method is-config="true" signature="setUp()[pri:0, instance:com.crm.qa.testcases.HomepageTest@355ce81c]" started-at="2022-10-22T22:54:14 EDT" name="setUp" finished-at="2022-10-22T22:54:23 EDT" duration-ms="9475" status="PASS">
          <reporter-output>
          </reporter-output>
        </test-method> <!-- setUp -->
        <test-method signature="verifyDealsLink()[pri:4, instance:com.crm.qa.testcases.HomepageTest@355ce81c]" started-at="2022-10-22T22:54:23 EDT" name="verifyDealsLink" finished-at="2022-10-22T22:54:27 EDT" duration-ms="3275" status="PASS">
          <reporter-output>
          </reporter-output>
        </test-method> <!-- verifyDealsLink -->
        <test-method is-config="true" signature="teardown()[pri:0, instance:com.crm.qa.testcases.HomepageTest@355ce81c]" started-at="2022-10-22T22:54:27 EDT" name="teardown" finished-at="2022-10-22T22:54:30 EDT" duration-ms="2868" status="PASS">
          <reporter-output>
          </reporter-output>
        </test-method> <!-- teardown -->
      </class> <!-- com.crm.qa.testcases.HomepageTest -->
    </test> <!-- Final Maven Project -->
  </suite> <!-- Suite -->
</testng-results>
